<?xml version="1.0" encoding="UTF-8"?>
<!-- Generated by org.testng.reporters.JUnitReportReporter -->
<testsuite hostname="1edbca652922" failures="0" tests="2" name="uiappfeature.AmazonTestRunner" time="70.217" errors="0" timestamp="2025-03-19T13:41:13 GMT" skipped="0">
  <testcase classname="uiappfeature.AmazonTestRunner" name="runScenario" time="6.944"/>
  <system-out/>
  <testcase classname="uiappfeature.AmazonTestRunner" name="runScenario" time="63.273"/>
  <system-out/>
</testsuite> <!-- uiappfeature.AmazonTestRunner -->
