<?xml version="1.0" encoding="UTF-8"?>
<!-- Generated by org.testng.reporters.JUnitReportReporter -->
<testsuite hostname="5a8c3d5f8faf" failures="0" tests="2" name="uiappfeature.AmazonTestRunner" time="74.131" errors="0" timestamp="2025-03-19T11:58:27 GMT" skipped="0">
  <testcase classname="uiappfeature.AmazonTestRunner" name="runScenario" time="7.928"/>
  <system-out/>
  <testcase classname="uiappfeature.AmazonTestRunner" name="runScenario" time="66.203"/>
  <system-out/>
</testsuite> <!-- uiappfeature.AmazonTestRunner -->
